\BOOKMARK [0][]{chapter*.1}{\376\377\000A\000b\000s\000t\000r\000a\000c\000t}{}% 1
\BOOKMARK [0][]{chapter*.2}{\376\377\000P\000r\000e\000f\000a\000c\000e}{}% 2
\BOOKMARK [0][]{chapter*.3}{\376\377\000E\000x\000e\000c\000u\000t\000i\000v\000e\000\040\000S\000u\000m\000m\000a\000r\000y}{}% 3
\BOOKMARK [0][]{chapter.1}{\376\377\000W\000h\000y\000\040\000G\000r\000o\000w\000l\000r\000r\000\040\000E\000x\000i\000s\000t\000s}{}% 4
\BOOKMARK [1][]{section.1.1}{\376\377\000T\000h\000e\000\040\000P\000r\000o\000b\000l\000e\000m\000\040\000w\000i\000t\000h\000\040\000`\000`\000C\000o\000m\000p\000l\000e\000t\000e\000\040\000\046\000\040\000B\000a\000l\000a\000n\000c\000e\000d\000`\000`}{chapter.1}% 5
\BOOKMARK [1][]{section.1.2}{\376\377\000O\000u\000r\000\040\000A\000p\000p\000r\000o\000a\000c\000h}{chapter.1}% 6
\BOOKMARK [1][]{section.1.3}{\376\377\000O\000u\000r\000\040\000V\000a\000l\000u\000e\000s}{chapter.1}% 7
\BOOKMARK [0][]{chapter.2}{\376\377\000I\000n\000t\000r\000o\000d\000u\000c\000t\000i\000o\000n\000\040\000t\000o\000\040\000C\000a\000t\000C\000o\000r\000e}{}% 8
\BOOKMARK [0][]{chapter.3}{\376\377\000I\000n\000t\000r\000o\000d\000u\000c\000t\000i\000o\000n\000\040\000t\000o\000\040\000D\000o\000g\000C\000o\000r\000e}{}% 9
\BOOKMARK [0][]{chapter.4}{\376\377\000F\000o\000r\000m\000u\000l\000a\000t\000i\000o\000n\000\040\000S\000p\000e\000c\000i\000f\000i\000c\000a\000t\000i\000o\000n\000s}{}% 10
\BOOKMARK [0][]{chapter.5}{\376\377\000D\000o\000g\000C\000o\000r\000e\000\040\000S\000p\000e\000c\000i\000f\000i\000c\000a\000t\000i\000o\000n\000s}{}% 11
\BOOKMARK [0][]{chapter.6}{\376\377\000P\000r\000e\000m\000i\000x\000\040\000F\000o\000r\000m\000u\000l\000a\000t\000i\000o\000n\000s}{}% 12
\BOOKMARK [1][]{section*.5}{\376\377\000C\000a\000t\000P\000r\000o\000\040\000v\0005\000\040\000P\000r\000e\000m\000i\000x\000\040\000\050\0001\0000\0000\000\040\000g\000\040\000p\000a\000c\000k\000e\000t\000\051}{chapter.6}% 13
\BOOKMARK [2][]{table.6.4}{\376\377\000G\000e\000l\000\040\000/\000\040\000A\000l\000g\000i\000n\000a\000t\000e\000-\000E\000n\000c\000a\000p\000s\000u\000l\000a\000t\000e\000d\000\040\000C\000a\000l\000c\000i\000u\000m\000\040\000P\000r\000e\000m\000i\000x\000\040\000\050\0001\0000\0000\000\040\000g\000\040\000p\000a\000c\000k\000e\000t\000\051}{chapter.6}% 14
\BOOKMARK [0][]{chapter.7}{\376\377\000Q\000u\000a\000l\000i\000t\000y\000\040\000C\000o\000n\000t\000r\000o\000l\000\040\040\024\000\040\000I\000n\000c\000o\000m\000i\000n\000g\000\040\000R\000a\000w\000\040\000M\000a\000t\000e\000r\000i\000a\000l\000s\000\040\000H\000a\000n\000d\000l\000i\000n\000g\000\040\000a\000n\000d\000\040\000C\000O\000A}{}% 15
\BOOKMARK [1][]{section*.6}{\376\377\000I\000n\000c\000o\000m\000i\000n\000g\000\040\000P\000r\000e\000m\000i\000x\000\040\000Q\000C\000\040\000\046\000\040\000D\000i\000s\000p\000e\000n\000s\000i\000n\000g\000\040\000S\000O\000P}{chapter.7}% 16
\BOOKMARK [0][]{chapter.8}{\376\377\000Q\000u\000a\000l\000i\000t\000y\000\040\000C\000o\000n\000t\000r\000o\000l\000\040\040\024\000\040\000I\000n\000c\000o\000m\000m\000i\000n\000g\000\040\000P\000r\000e\000m\000i\000x\000\040\000H\000a\000n\000d\000l\000i\000n\000g\000\040\000a\000n\000d\000\040\000C\000O\000A}{}% 17
\BOOKMARK [1][]{section*.7}{\376\377\000C\000O\000A\000\040\000a\000n\000d\000\040\000I\000n\000c\000o\000m\000i\000n\000g\000\040\000Q\000C\000\040\000-\000\040\000C\000a\000t\000P\000r\000o\000\040\000v\0005}{chapter.8}% 18
\BOOKMARK [2][]{table.8.2}{\376\377\000C\000O\000A\000\040\000a\000n\000d\000\040\000I\000n\000c\000o\000m\000i\000n\000g\000\040\000Q\000C\000\040\000-\000\040\000D\000o\000g\000C\000o\000r\000e\000\040\000P\000r\000o\000t\000e\000i\000n\000\040\000B\000a\000s\000e}{chapter.8}% 19
\BOOKMARK [2][]{table.8.4}{\376\377\000C\000O\000A\000\040\000a\000n\000d\000\040\000I\000n\000c\000o\000m\000i\000n\000g\000\040\000Q\000C\000\040\000-\000\040\000D\000o\000g\000P\000r\000o\000\040\000v\0005}{chapter.8}% 20
\BOOKMARK [2][]{table.8.5}{\376\377\000C\000O\000A\000\040\040\024\000\040\000A\000n\000t\000i\000o\000x\000i\000d\000a\000n\000t\000\040\000L\000i\000q\000u\000i\000d\000\040\000P\000r\000e\000m\000i\000x}{chapter.8}% 21
